2026-02-10 10:14:01 INFO  Server started on port 8080
2026-02-10 10:14:05 INFO  User login attempt | userId=1023 | ip=192.168.1.12
2026-02-10 10:14:05 INFO  Authentication successful | userId=1023
2026-02-10 10:14:08 INFO  GET /dashboard 200 | responseTime=124ms
2026-02-10 10:14:12 WARN  Disk usage at 82% on /dev/xvda1
2026-02-10 10:14:15 INFO  POST /api/orders 201 | orderId=ORD-78421
2026-02-10 10:14:16 INFO  Payment processed | orderId=ORD-78421 | amount=2499
2026-02-10 10:14:18 INFO  Email sent to customer | orderId=ORD-78421
2026-02-10 10:14:22 ERROR Database connection timeout | retrying...
2026-02-10 10:14:24 INFO  Database reconnected successfully
2026-02-10 10:14:27 INFO  GET /api/products 200 | items=128
2026-02-10 10:14:31 INFO  Cache hit | key=product_list
2026-02-10 10:14:36 WARN  High memory usage detected | 78%
2026-02-10 10:14:40 INFO  User logout | userId=1023
2026-02-10 10:14:45 INFO  GET /health 200 | status=UP
2026-02-10 10:14:49 INFO  Background job started | jobId=JOB-5567
2026-02-10 10:14:55 INFO  Background job completed | jobId=JOB-5567
2026-02-10 10:15:01 INFO  New user registered | userId=1098
2026-02-10 10:15:04 INFO  POST /api/login 401 | invalid credentials
2026-02-10 10:15:07 WARN  Multiple failed login attempts | ip=203.0.113.45
2026-02-10 10:15:10 INFO  Security alert logged | ip=203.0.113.45
2026-02-10 10:15:15 INFO  GET /admin 403 | access denied
2026-02-10 10:15:20 INFO  Scheduled backup started
2026-02-10 10:15:28 INFO  Scheduled backup completed successfully
2026-02-10 10:15:30 INFO  System running normally
